<?xml version="1.0" encoding="UTF-8"?>
<!-- Generated by org.testng.reporters.JUnitReportReporter -->
<testsuite skipped="0" hostname="shubhanshus-MacBook-Pro.local" name="com.openmrs.tests.VerifyPatientDetailsTest" tests="1" failures="0" timestamp="2022-09-11T12:28:59 IST" time="24.480" errors="0">
  <testcase name="verifyPatientDetailsTest" time="24.480" classname="com.openmrs.tests.VerifyPatientDetailsTest"/>
  <system-out/>
</testsuite> <!-- com.openmrs.tests.VerifyPatientDetailsTest -->
