<?xml version="1.0" encoding="UTF-8"?>
<!-- Generated by org.testng.reporters.JUnitReportReporter -->
<testsuite skipped="0" hostname="shubhanshus-MacBook-Pro.local" name="com.openmrs.tests.LoginTest" tests="1" failures="0" timestamp="2022-09-11T12:28:59 IST" time="5.056" errors="0">
  <testcase name="loginTest" time="5.056" classname="com.openmrs.tests.LoginTest"/>
  <system-out/>
</testsuite> <!-- com.openmrs.tests.LoginTest -->
