<?xml version="1.0" encoding="UTF-8"?>
<!-- Generated by org.testng.reporters.JUnitReportReporter -->
<testsuite skipped="0" hostname="shubhanshus-MacBook-Pro.local" name="com.openmrs.tests.FindPatientTest" tests="1" failures="0" timestamp="2022-09-11T12:28:59 IST" time="29.299" errors="0">
  <testcase name="findPatientTest" time="29.299" classname="com.openmrs.tests.FindPatientTest"/>
  <system-out/>
</testsuite> <!-- com.openmrs.tests.FindPatientTest -->
